IQ-TREE multicore version 1.2.3 for Linux 64-bit built Apr  8 2015
Copyright (c) 2011-2014 Nguyen Lam Tung, Olga Chernomor, Arndt von Haeseler and Bui Quang Minh.

Host:    simon-ThinkPad-W520 (AVX, 3 GB RAM)
Command: iqtree-omp -nt 2 -s /tmp/RtmpGQ1eun/file20093c779c9.phy -spj regional_partition.nex
Seed:    686167 (Using SPRNG - Scalable Parallel Random Number Generator)
Time:    Sat May  2 07:41:24 2015
Kernel:  AVX - 2 threads (8 CPU cores detected)

Reading partition model file regional_partition.nex ...
Reading alignment file /tmp/RtmpGQ1eun/file20093c779c9.phy ... Phylip format detected
Alignment most likely contains DNA/RNA sequences
Alignment has 13 sequences with 6807 columns and 700 patterns
WARNING: Some sequence names are changed as follows:
IDPOP_43368|F|DOB_1973.54|2005.88 -> IDPOP_43368_F_DOB_1973.54_2005.88
IDPOP_33322|F|DOB_1966.21|2005.88 -> IDPOP_33322_F_DOB_1966.21_2005.88
IDPOP_62138|M|DOB_1984.73|2014.6 -> IDPOP_62138_M_DOB_1984.73_2014.6
IDPOP_75438|M|DOB_1990.92|2012.27 -> IDPOP_75438_M_DOB_1990.92_2012.27
IDPOP_75839|M|DOB_1991.08|2014.71 -> IDPOP_75839_M_DOB_1991.08_2014.71
IDPOP_76310|F|DOB_1991.27|2007.5 -> IDPOP_76310_F_DOB_1991.27_2007.5
IDPOP_38124|F|DOB_1969.92|2006.96 -> IDPOP_38124_F_DOB_1969.92_2006.96
IDPOP_67317|F|DOB_1987.27|2015.75 -> IDPOP_67317_F_DOB_1987.27_2015.75
IDPOP_33250|M|DOB_1966.15|2010.5 -> IDPOP_33250_M_DOB_1966.15_2010.5
IDPOP_46067|M|DOB_1975.35|2002.02 -> IDPOP_46067_M_DOB_1975.35_2002.02
IDPOP_45327|F|DOB_1974.83|2006.62 -> IDPOP_45327_F_DOB_1974.83_2006.62
IDPOP_51647|F|DOB_1978.92|2013.4 -> IDPOP_51647_F_DOB_1978.92_2013.4
IDPOP_41511|M|DOB_1972.27|2000.33 -> IDPOP_41511_M_DOB_1972.27_2000.33

ID   Sequence                           #Gap/Ambiguity
1    IDPOP_43368_F_DOB_1973.54_2005.88  0    (0.000%)	4
2    IDPOP_33322_F_DOB_1966.21_2005.88  0    (0.000%)	4
3    IDPOP_62138_M_DOB_1984.73_2014.6   0    (0.000%)	4
4    IDPOP_75438_M_DOB_1990.92_2012.27  0    (0.000%)	4
5    IDPOP_75839_M_DOB_1991.08_2014.71  0    (0.000%)	4
6    IDPOP_76310_F_DOB_1991.27_2007.5   0    (0.000%)	4
7    IDPOP_38124_F_DOB_1969.92_2006.96  0    (0.000%)	4
8    IDPOP_67317_F_DOB_1987.27_2015.75  0    (0.000%)	4
9    IDPOP_33250_M_DOB_1966.15_2010.5   0    (0.000%)	4
10   IDPOP_46067_M_DOB_1975.35_2002.02  0    (0.000%)	4
11   IDPOP_45327_F_DOB_1974.83_2006.62  0    (0.000%)	4
12   IDPOP_51647_F_DOB_1978.92_2013.4   0    (0.000%)	4
13   IDPOP_41511_M_DOB_1972.27_2000.33  0    (0.000%)	4
**** TOTAL                              0 (0.000%)

Reading partition gag (model=GTR+I+G, aln=, seq=, pos=1-1440) ...
13 sequences and 1440 sites extracted

Reading partition pol (model=GTR+I+G, aln=, seq=, pos=1441-4284) ...
13 sequences and 2844 sites extracted

Reading partition env (model=GTR+I+G, aln=, seq=, pos=4285-6807) ...
13 sequences and 2523 sites extracted
Degree of missing data: 0.000


Create initial parsimony tree by phylogenetic likelihood library (PLL)... 0.004 seconds

NOTE: 4.286 MB RAM is required!
Estimate model parameters (epsilon = 0.100)
Initial log-likelihood: -22404.449
Current log-likelihood at step 1: -22310.161
Current log-likelihood at step 2: -22310.116
OPTIMIZE MODEL has finished
PART RATE 0 = 1.000
PART RATE 1 = 1.000
PART RATE 2 = 1.000
Parameters optimization took 1 rounds (0.259 sec)

0.267 seconds (logl: -22310.161)
Generating 99 parsimony trees... (98 duplicated parsimony trees)
CPU time: 0.546
Computing logl of parsimony trees ... 
Average CPU time for computing logl of 1 parsimony tree: 0.013

Optimizing top parsimony trees with NNI...
Iteration 1 / LogL: -22305.954 / Time: 0h:0m:0s
Estimate model parameters (epsilon = 0.100)
Initial log-likelihood: -22305.954
Current log-likelihood at step 1: -22305.922
OPTIMIZE MODEL has finished
PART RATE 0 = 1.000
PART RATE 1 = 1.000
PART RATE 2 = 1.000
Parameters optimization took 0 rounds (0.030 sec)

0.036 seconds (logl: -22305.954)
BETTER TREE FOUND at iteration 1: -22305.954
Iteration 2 / LogL: -22305.923 / Time: 0h:0m:0s
Estimate model parameters (epsilon = 0.100)
Initial log-likelihood: -22305.922
Current log-likelihood at step 1: -22305.895
OPTIMIZE MODEL has finished
PART RATE 0 = 1.000
PART RATE 1 = 1.000
PART RATE 2 = 1.000
Parameters optimization took 0 rounds (0.030 sec)

0.035 seconds (logl: -22305.922)
BETTER SCORE FOUND at iteration 2: -22305.922
Average CPU time for 1 NNI search: 0.093
Finish initializing candidate tree set. Number of distinct locally optimal trees: 1
Current best tree score: -22305.922 / CPU time: 0.745
Estimate model parameters (epsilon = 0.001)
Initial log-likelihood: -22305.895
Current log-likelihood at step 1: -22305.167
Current log-likelihood at step 2: -22305.089
Current log-likelihood at step 3: -22305.052
Current log-likelihood at step 4: -22305.023
Current log-likelihood at step 5: -22305.017
Current log-likelihood at step 6: -22305.014
Current log-likelihood at step 7: -22305.012
Current log-likelihood at step 8: -22305.010
Current log-likelihood at step 9: -22305.008
Current log-likelihood at step 10: -22305.007
Current log-likelihood at step 11: -22305.006
Current log-likelihood at step 12: -22305.004
Current log-likelihood at step 13: -22305.001
Current log-likelihood at step 14: -22305.000
Current log-likelihood at step 15: -22304.999
OPTIMIZE MODEL has finished
PART RATE 0 = 1.000
PART RATE 1 = 1.000
PART RATE 2 = 1.000
Parameters optimization took 14 rounds (1.073 sec)

1.079 seconds (logl: -22305.000)
UPDATE BEST LOG-LIKELIHOOD: -22305.000 / CPU time: 2s
Estimate model parameters (epsilon = 0.001)
Initial log-likelihood: -22304.999
Current log-likelihood at step 1: -22304.999
OPTIMIZE MODEL has finished
PART RATE 0 = 1.000
PART RATE 1 = 1.000
PART RATE 2 = 1.000
Parameters optimization took 0 rounds (0.028 sec)

0.033 seconds (logl: -22304.999)
UPDATE BEST LOG-LIKELIHOOD: -22304.999 / CPU time: 3s
Estimate model parameters (epsilon = 0.001)
Initial log-likelihood: -22304.999
Current log-likelihood at step 1: -22304.999
OPTIMIZE MODEL has finished
PART RATE 0 = 1.000
PART RATE 1 = 1.000
PART RATE 2 = 1.000
Parameters optimization took 0 rounds (0.028 sec)

0.033 seconds (logl: -22304.999)
UPDATE BEST LOG-LIKELIHOOD: -22304.999 / CPU time: 3s
Iteration 10 / LogL: -22304.999 / Time: 0h:0m:1s
Estimate model parameters (epsilon = 0.001)
Initial log-likelihood: -22304.999
Current log-likelihood at step 1: -22304.998
OPTIMIZE MODEL has finished
PART RATE 0 = 1.000
PART RATE 1 = 1.000
PART RATE 2 = 1.000
Parameters optimization took 0 rounds (0.027 sec)

0.032 seconds (logl: -22304.999)
UPDATE BEST LOG-LIKELIHOOD: -22304.999 / CPU time: 3s
Iteration 20 / LogL: -22304.998 / Time: 0h:0m:2s (0h:0m:10s left)
Estimate model parameters (epsilon = 0.001)
Initial log-likelihood: -22304.998
Current log-likelihood at step 1: -22304.998
OPTIMIZE MODEL has finished
PART RATE 0 = 1.000
PART RATE 1 = 1.000
PART RATE 2 = 1.000
Parameters optimization took 0 rounds (0.028 sec)

0.033 seconds (logl: -22304.998)
UPDATE BEST LOG-LIKELIHOOD: -22304.998 / CPU time: 4s
Iteration 30 / LogL: -22304.998 / Time: 0h:0m:3s (0h:0m:7s left)
Iteration 40 / LogL: -22379.480 / Time: 0h:0m:3s (0h:0m:5s left)
Iteration 50 / LogL: -22305.003 / Time: 0h:0m:4s (0h:0m:4s left)
Iteration 60 / LogL: -22305.006 / Time: 0h:0m:4s (0h:0m:3s left)
Iteration 70 / LogL: -22304.999 / Time: 0h:0m:5s (0h:0m:2s left)
Estimate model parameters (epsilon = 0.001)
Initial log-likelihood: -22304.998
Current log-likelihood at step 1: -22304.998
OPTIMIZE MODEL has finished
PART RATE 0 = 1.000
PART RATE 1 = 1.000
PART RATE 2 = 1.000
Parameters optimization took 0 rounds (0.027 sec)

0.031 seconds (logl: -22304.998)
UPDATE BEST LOG-LIKELIHOOD: -22304.998 / CPU time: 10s
Estimate model parameters (epsilon = 0.001)
Initial log-likelihood: -22304.998
Current log-likelihood at step 1: -22304.998
OPTIMIZE MODEL has finished
PART RATE 0 = 1.000
PART RATE 1 = 1.000
PART RATE 2 = 1.000
Parameters optimization took 0 rounds (0.027 sec)

0.029 seconds (logl: -22304.998)
UPDATE BEST LOG-LIKELIHOOD: -22304.998 / CPU time: 10s
Iteration 80 / LogL: -22304.999 / Time: 0h:0m:5s (0h:0m:1s left)
Estimate model parameters (epsilon = 0.001)
Initial log-likelihood: -22304.998
Current log-likelihood at step 1: -22304.998
OPTIMIZE MODEL has finished
PART RATE 0 = 1.000
PART RATE 1 = 1.000
PART RATE 2 = 1.000
Parameters optimization took 0 rounds (0.025 sec)

0.030 seconds (logl: -22304.998)
UPDATE BEST LOG-LIKELIHOOD: -22304.998 / CPU time: 10s
Estimate model parameters (epsilon = 0.001)
Initial log-likelihood: -22304.998
Current log-likelihood at step 1: -22304.997
OPTIMIZE MODEL has finished
PART RATE 0 = 1.000
PART RATE 1 = 1.000
PART RATE 2 = 1.000
Parameters optimization took 0 rounds (0.028 sec)

0.033 seconds (logl: -22304.998)
UPDATE BEST LOG-LIKELIHOOD: -22304.998 / CPU time: 11s
Estimate model parameters (epsilon = 0.001)
Initial log-likelihood: -22304.997
Current log-likelihood at step 1: -22304.997
OPTIMIZE MODEL has finished
PART RATE 0 = 1.000
PART RATE 1 = 1.000
PART RATE 2 = 1.000
Parameters optimization took 0 rounds (0.028 sec)

0.033 seconds (logl: -22304.997)
UPDATE BEST LOG-LIKELIHOOD: -22304.997 / CPU time: 11s
Estimate model parameters (epsilon = 0.001)
Initial log-likelihood: -22304.997
Current log-likelihood at step 1: -22304.997
OPTIMIZE MODEL has finished
PART RATE 0 = 1.000
PART RATE 1 = 1.000
PART RATE 2 = 1.000
Parameters optimization took 0 rounds (0.026 sec)

0.030 seconds (logl: -22304.997)
UPDATE BEST LOG-LIKELIHOOD: -22304.997 / CPU time: 11s
Iteration 90 / LogL: -22304.997 / Time: 0h:0m:6s (0h:0m:0s left)
Iteration 100 / LogL: -22304.997 / Time: 0h:0m:7s (0h:0m:0s left)
Performs final model parameters optimization
Estimate model parameters (epsilon = 0.001)
Initial log-likelihood: -22304.997
Current log-likelihood at step 1: -22304.997
OPTIMIZE MODEL has finished
PART RATE 0 = 1.000
PART RATE 1 = 1.000
PART RATE 2 = 1.000
Parameters optimization took 0 rounds (0.027 sec)

0.032 seconds (logl: -22304.997)
BEST SCORE FOUND : -22304.997
Total tree length: 0.406

CPU time used for tree search: 12.377 sec (0h:0m:12s)
Wall-clock time used for tree search: 7.031 sec (0h:0m:7s)
Total CPU time used: 12.726 sec (0h:0m:12s)
Total wall-clock time used: 7.236 sec (0h:0m:7s)

Analysis results written to: 
  IQ-TREE report:                regional_partition.nex.iqtree
  Maximum-likelihood tree:       regional_partition.nex.treefile
  Screen log file:               regional_partition.nex.log

Date and Time: Sat May  2 07:41:31 2015
