IQ-TREE multicore version 1.3.0 for Linux 64-bit built May 22 2015
Copyright (c) 2011-2015 Nguyen Lam Tung, Olga Chernomor, Arndt von Haeseler and Bui Quang Minh.

Host:    simon-ThinkPad-W520 (AVX, 3 GB RAM)
Command: iqtree-omp -s vill.phy -spp village_gene_partition.nex -omp 2 -pre vill_gtrr4_gene
Seed:    897239 (Using SPRNG - Scalable Parallel Random Number Generator)
Time:    Fri May 22 20:12:39 2015
Kernel:  AVX - 2 threads (8 CPU cores detected)

Reading partition model file village_gene_partition.nex ...
Reading alignment file vill.phy ... Phylip format detected
Alignment most likely contains DNA/RNA sequences
Alignment has 984 sequences with 6987 columns and 4824 patterns
ID   Sequence         #Gap/Ambiguity
1    HOUSE2308_11180  0    (0.000%)	4
2    HOUSE1092_16633  0    (0.000%)	4
3    HOUSE3776_6969   0    (0.000%)	4
4    HOUSE660_14791   0    (0.000%)	4
5    HOUSE1492_11556  0    (0.000%)	4
6    HOUSE713_15113   0    (0.000%)	4
7    HOUSE4256_16741  0    (0.000%)	4
8    HOUSE2116_7615   0    (0.000%)	4
9    HOUSE345_9899    0    (0.000%)	4
10   HOUSE3272_3228   0    (0.000%)	4
11   HOUSE2372_10541  0    (0.000%)	4
12   HOUSE3352_13462  0    (0.000%)	4
13   HOUSE1680_11297  0    (0.000%)	4
14   HOUSE3568_17196  0    (0.000%)	4
15   HOUSE4630_4595   0    (0.000%)	4
16   HOUSE1029_1003   0    (0.000%)	4
17   HOUSE2638_13111  0    (0.000%)	4
18   HOUSE3296_3257   0    (0.000%)	4
19   HOUSE6019_14504  0    (0.000%)	4
20   HOUSE2637_14364  0    (0.000%)	4
21   HOUSE3539_12331  0    (0.000%)	4
22   HOUSE3320_16449  0    (0.000%)	4
23   HOUSE166_14724   0    (0.000%)	4
24   HOUSE2103_8026   0    (0.000%)	4
25   HOUSE1035_14232  0    (0.000%)	4
26   HOUSE1368_14070  0    (0.000%)	4
27   HOUSE4578_4527   0    (0.000%)	4
28   HOUSE5392_6679   0    (0.000%)	4
29   HOUSE4210_13416  0    (0.000%)	4
30   HOUSE4636_4601   0    (0.000%)	4
31   HOUSE2399_9185   0    (0.000%)	4
32   HOUSE4205_11676  0    (0.000%)	4
33   HOUSE581_16125   0    (0.000%)	4
34   HOUSE6019_15224  0    (0.000%)	4
35   HOUSE6019_15886  0    (0.000%)	4
36   HOUSE4279_8494   0    (0.000%)	4
37   HOUSE6019_9474   0    (0.000%)	4
38   HOUSE143_10948   0    (0.000%)	4
39   HOUSE1301_11769  0    (0.000%)	4
40   HOUSE1130_14086  0    (0.000%)	4
41   HOUSE1130_15705  0    (0.000%)	4
42   HOUSE1958_1953   0    (0.000%)	4
43   HOUSE1861_1850   0    (0.000%)	4
44   HOUSE3113_14097  0    (0.000%)	4
45   HOUSE2378_15749  0    (0.000%)	4
46   HOUSE891_17540   0    (0.000%)	4
47   HOUSE1924_15742  0    (0.000%)	4
48   HOUSE845_9622    0    (0.000%)	4
49   HOUSE3607_10470  0    (0.000%)	4
50   HOUSE3699_10529  0    (0.000%)	4
51   HOUSE2946_8000   0    (0.000%)	4
52   HOUSE5491_12706  0    (0.000%)	4
53   HOUSE2160_11959  0    (0.000%)	4
54   HOUSE521_13174   0    (0.000%)	4
55   HOUSE1955_1948   0    (0.000%)	4
56   HOUSE1159_11547  0    (0.000%)	4
57   HOUSE19_13495    0    (0.000%)	4
58   HOUSE3666_3607   0    (0.000%)	4
59   HOUSE957_12275   0    (0.000%)	4
60   HOUSE957_10717   0    (0.000%)	4
61   HOUSE3924_11165  0    (0.000%)	4
62   HOUSE5288_10107  0    (0.000%)	4
63   HOUSE5288_5267   0    (0.000%)	4
64   HOUSE3055_9661   0    (0.000%)	4
65   HOUSE520_6549    0    (0.000%)	4
66   HOUSE5526_12611  0    (0.000%)	4
67   HOUSE3426_6776   0    (0.000%)	4
68   HOUSE52_13410    0    (0.000%)	4
69   HOUSE52_15556    0    (0.000%)	4
70   HOUSE426_12572   0    (0.000%)	4
71   HOUSE2929_9586   0    (0.000%)	4
72   HOUSE84_69       0    (0.000%)	4
73   HOUSE3519_14710  0    (0.000%)	4
74   HOUSE1536_12423  0    (0.000%)	4
75   HOUSE1030_8610   0    (0.000%)	4
76   HOUSE489_14584   0    (0.000%)	4
77   HOUSE2226_10959  0    (0.000%)	4
78   HOUSE6019_13440  0    (0.000%)	4
79   HOUSE494_471     0    (0.000%)	4
80   HOUSE1596_10277  0    (0.000%)	4
81   HOUSE2898_10821  0    (0.000%)	4
82   HOUSE3326_13133  0    (0.000%)	4
83   HOUSE5701_5693   0    (0.000%)	4
84   HOUSE751_10598   0    (0.000%)	4
85   HOUSE751_11067   0    (0.000%)	4
86   HOUSE3814_12265  0    (0.000%)	4
87   HOUSE4446_6470   0    (0.000%)	4
88   HOUSE5039_14945  0    (0.000%)	4
89   HOUSE4318_4275   0    (0.000%)	4
90   HOUSE1239_14524  0    (0.000%)	4
91   HOUSE3246_3207   0    (0.000%)	4
92   HOUSE2998_12582  0    (0.000%)	4
93   HOUSE2246_14730  0    (0.000%)	4
94   HOUSE4432_13532  0    (0.000%)	4
95   HOUSE5468_5457   0    (0.000%)	4
96   HOUSE2654_2657   0    (0.000%)	4
97   HOUSE6019_12016  0    (0.000%)	4
98   HOUSE2547_2565   0    (0.000%)	4
99   HOUSE1094_14341  0    (0.000%)	4
100  HOUSE5839_13559  0    (0.000%)	4
101  HOUSE2099_11916  0    (0.000%)	4
102  HOUSE2614_8055   0    (0.000%)	4
103  HOUSE499_476     0    (0.000%)	4
104  HOUSE5187_9396   0    (0.000%)	4
105  HOUSE4681_10310  0    (0.000%)	4
106  HOUSE1517_16729  0    (0.000%)	4
107  HOUSE4469_9229   0    (0.000%)	4
108  HOUSE816_17467   0    (0.000%)	4
109  HOUSE2118_2128   0    (0.000%)	4
110  HOUSE326_11976   0    (0.000%)	4
111  HOUSE1151_11334  0    (0.000%)	4
112  HOUSE1151_15179  0    (0.000%)	4
113  HOUSE4380_4344   0    (0.000%)	4
114  HOUSE3726_3666   0    (0.000%)	4
115  HOUSE5990_6497   0    (0.000%)	4
116  HOUSE980_14219   0    (0.000%)	4
117  HOUSE980_17739   0    (0.000%)	4
118  HOUSE2555_11537  0    (0.000%)	4
119  HOUSE6019_16222  0    (0.000%)	4
120  HOUSE1361_15931  0    (0.000%)	4
121  HOUSE4328_4283   0    (0.000%)	4
122  HOUSE2471_2495   0    (0.000%)	4
123  HOUSE27_13493    0    (0.000%)	4
124  HOUSE2072_16943  0    (0.000%)	4
125  HOUSE6019_13650  0    (0.000%)	4
126  HOUSE1239_13660  0    (0.000%)	4
127  HOUSE3421_15160  0    (0.000%)	4
128  HOUSE3451_12354  0    (0.000%)	4
129  HOUSE717_11054   0    (0.000%)	4
130  HOUSE964_11143   0    (0.000%)	4
131  HOUSE96_15731    0    (0.000%)	4
132  HOUSE651_16368   0    (0.000%)	4
133  HOUSE655_15527   0    (0.000%)	4
134  HOUSE131_11260   0    (0.000%)	4
135  HOUSE1217_1199   0    (0.000%)	4
136  HOUSE5485_14936  0    (0.000%)	4
137  HOUSE94_14636    0    (0.000%)	4
138  HOUSE1916_16429  0    (0.000%)	4
139  HOUSE492_13938   0    (0.000%)	4
140  HOUSE869_855     0    (0.000%)	4
141  HOUSE5995_5973   0    (0.000%)	4
142  HOUSE418_6270    0    (0.000%)	4
143  HOUSE3263_3223   0    (0.000%)	4
144  HOUSE3977_11590  0    (0.000%)	4
145  HOUSE4603_14583  0    (0.000%)	4
146  HOUSE4603_15590  0    (0.000%)	4
147  HOUSE5366_15134  0    (0.000%)	4
148  HOUSE4634_4599   0    (0.000%)	4
149  HOUSE3137_12892  0    (0.000%)	4
150  HOUSE592_14212   0    (0.000%)	4
151  HOUSE1232_12548  0    (0.000%)	4
152  HOUSE2917_16003  0    (0.000%)	4
153  HOUSE503_14834   0    (0.000%)	4
154  HOUSE1937_14301  0    (0.000%)	4
155  HOUSE4473_4442   0    (0.000%)	4
156  HOUSE790_14285   0    (0.000%)	4
157  HOUSE2560_2573   0    (0.000%)	4
158  HOUSE4647_14136  0    (0.000%)	4
159  HOUSE4647_16988  0    (0.000%)	4
160  HOUSE251_15834   0    (0.000%)	4
161  HOUSE1829_11195  0    (0.000%)	4
162  HOUSE3745_12501  0    (0.000%)	4
163  HOUSE2030_14776  0    (0.000%)	4
164  HOUSE2600_13232  0    (0.000%)	4
165  HOUSE5678_13009  0    (0.000%)	4
166  HOUSE2098_16043  0    (0.000%)	4
167  HOUSE4068_16020  0    (0.000%)	4
168  HOUSE2309_11300  0    (0.000%)	4
169  HOUSE1659_9823   0    (0.000%)	4
170  HOUSE1636_14339  0    (0.000%)	4
171  HOUSE1512_16486  0    (0.000%)	4
172  HOUSE4994_13422  0    (0.000%)	4
173  HOUSE3896_11817  0    (0.000%)	4
174  HOUSE6019_10637  0    (0.000%)	4
175  HOUSE5451_14832  0    (0.000%)	4
176  HOUSE5875_14888  0    (0.000%)	4
177  HOUSE4899_17760  0    (0.000%)	4
178  HOUSE1805_10930  0    (0.000%)	4
179  HOUSE1610_13326  0    (0.000%)	4
180  HOUSE1703_13876  0    (0.000%)	4
181  HOUSE6019_13432  0    (0.000%)	4
182  HOUSE2533_11370  0    (0.000%)	4
183  HOUSE1505_16250  0    (0.000%)	4
184  HOUSE6019_12884  0    (0.000%)	4
185  HOUSE4962_11968  0    (0.000%)	4
186  HOUSE3402_9573   0    (0.000%)	4
187  HOUSE2668_2678   0    (0.000%)	4
188  HOUSE2827_2823   0    (0.000%)	4
189  HOUSE4518_6457   0    (0.000%)	4
190  HOUSE1911_9520   0    (0.000%)	4
191  HOUSE5285_9968   0    (0.000%)	4
192  HOUSE2682_15831  0    (0.000%)	4
193  HOUSE3846_15726  0    (0.000%)	4
194  HOUSE2775_12474  0    (0.000%)	4
195  HOUSE2775_14211  0    (0.000%)	4
196  HOUSE4548_10834  0    (0.000%)	4
197  HOUSE2370_13770  0    (0.000%)	4
198  HOUSE2954_17201  0    (0.000%)	4
199  HOUSE2638_14018  0    (0.000%)	4
200  HOUSE1905_1897   0    (0.000%)	4
201  HOUSE650_11495   0    (0.000%)	4
202  HOUSE258_13150   0    (0.000%)	4
203  HOUSE2177_11719  0    (0.000%)	4
204  HOUSE552_7373    0    (0.000%)	4
205  HOUSE3192_3145   0    (0.000%)	4
206  HOUSE516_9165    0    (0.000%)	4
207  HOUSE461_8057    0    (0.000%)	4
208  HOUSE806_10759   0    (0.000%)	4
209  HOUSE2101_2112   0    (0.000%)	4
210  HOUSE6019_14023  0    (0.000%)	4
211  HOUSE1637_12421  0    (0.000%)	4
212  HOUSE2831_14042  0    (0.000%)	4
213  HOUSE1302_8487   0    (0.000%)	4
214  HOUSE5515_13328  0    (0.000%)	4
215  HOUSE5051_11834  0    (0.000%)	4
216  HOUSE2177_17031  0    (0.000%)	4
217  HOUSE5465_8708   0    (0.000%)	4
218  HOUSE2437_15438  0    (0.000%)	4
219  HOUSE972_13179   0    (0.000%)	4
220  HOUSE5454_5440   0    (0.000%)	4
221  HOUSE5454_5441   0    (0.000%)	4
222  HOUSE2127_10118  0    (0.000%)	4
223  HOUSE647_608     0    (0.000%)	4
224  HOUSE2508_11951  0    (0.000%)	4
225  HOUSE2322_13909  0    (0.000%)	4
226  HOUSE4466_4434   0    (0.000%)	4
227  HOUSE5826_5808   0    (0.000%)	4
228  HOUSE875_863     0    (0.000%)	4
229  HOUSE3679_3620   0    (0.000%)	4
230  HOUSE1355_11069  0    (0.000%)	4
231  HOUSE979_13496   0    (0.000%)	4
232  HOUSE979_15413   0    (0.000%)	4
233  HOUSE4164_9734   0    (0.000%)	4
234  HOUSE2348_12986  0    (0.000%)	4
235  HOUSE695_6547    0    (0.000%)	4
236  HOUSE4622_4582   0    (0.000%)	4
237  HOUSE4622_14293  0    (0.000%)	4
238  HOUSE1300_6237   0    (0.000%)	4
239  HOUSE241_12802   0    (0.000%)	4
240  HOUSE6019_15632  0    (0.000%)	4
241  HOUSE4997_14313  0    (0.000%)	4
242  HOUSE5851_5833   0    (0.000%)	4
243  HOUSE38_12000    0    (0.000%)	4
244  HOUSE139_13313   0    (0.000%)	4
245  HOUSE4853_4821   0    (0.000%)	4
246  HOUSE2593_14336  0    (0.000%)	4
247  HOUSE1528_14651  0    (0.000%)	4
248  HOUSE5202_7563   0    (0.000%)	4
249  HOUSE98_11973    0    (0.000%)	4
250  HOUSE1487_14061  0    (0.000%)	4
251  HOUSE5216_10777  0    (0.000%)	4
252  HOUSE5757_5744   0    (0.000%)	4
253  HOUSE2391_15641  0    (0.000%)	4
254  HOUSE4060_4013   0    (0.000%)	4
255  HOUSE616_10254   0    (0.000%)	4
256  HOUSE4620_13504  0    (0.000%)	4
257  HOUSE4620_17046  0    (0.000%)	4
258  HOUSE4788_4752   0    (0.000%)	4
259  HOUSE2889_2884   0    (0.000%)	4
260  HOUSE1384_10055  0    (0.000%)	4
261  HOUSE5379_14257  0    (0.000%)	4
262  HOUSE877_15128   0    (0.000%)	4
263  HOUSE213_16547   0    (0.000%)	4
264  HOUSE5078_6251   0    (0.000%)	4
265  HOUSE684_12043   0    (0.000%)	4
266  HOUSE1662_11912  0    (0.000%)	4
267  HOUSE3011_16456  0    (0.000%)	4
268  HOUSE3021_11360  0    (0.000%)	4
269  HOUSE2374_13036  0    (0.000%)	4
270  HOUSE3831_11287  0    (0.000%)	4
271  HOUSE3831_11401  0    (0.000%)	4
272  HOUSE6019_14746  0    (0.000%)	4
273  HOUSE5194_5162   0    (0.000%)	4
274  HOUSE1560_12443  0    (0.000%)	4
275  HOUSE1255_13388  0    (0.000%)	4
276  HOUSE4568_12740  0    (0.000%)	4
277  HOUSE4983_9983   0    (0.000%)	4
278  HOUSE1119_14054  0    (0.000%)	4
279  HOUSE6019_14278  0    (0.000%)	4
280  HOUSE1162_6359   0    (0.000%)	4
281  HOUSE1364_1345   0    (0.000%)	4
282  HOUSE2376_9371   0    (0.000%)	4
283  HOUSE133_11735   0    (0.000%)	4
284  HOUSE5671_13771  0    (0.000%)	4
285  HOUSE3727_15191  0    (0.000%)	4
286  HOUSE348_333     0    (0.000%)	4
287  HOUSE2822_7948   0    (0.000%)	4
288  HOUSE1551_13463  0    (0.000%)	4
289  HOUSE2000_15205  0    (0.000%)	4
290  HOUSE3401_11490  0    (0.000%)	4
291  HOUSE1127_6849   0    (0.000%)	4
292  HOUSE394_14517   0    (0.000%)	4
293  HOUSE6019_11896  0    (0.000%)	4
294  HOUSE4649_13710  0    (0.000%)	4
295  HOUSE2675_12968  0    (0.000%)	4
296  HOUSE1951_14420  0    (0.000%)	4
297  HOUSE1951_12564  0    (0.000%)	4
298  HOUSE1771_11708  0    (0.000%)	4
299  HOUSE3548_11336  0    (0.000%)	4
300  HOUSE1430_7831   0    (0.000%)	4
301  HOUSE6019_14656  0    (0.000%)	4
302  HOUSE426_10180   0    (0.000%)	4
303  HOUSE2491_16079  0    (0.000%)	4
304  HOUSE2569_8721   0    (0.000%)	4
305  HOUSE435_421     0    (0.000%)	4
306  HOUSE3728_15170  0    (0.000%)	4
307  HOUSE84_68       0    (0.000%)	4
308  HOUSE403_10918   0    (0.000%)	4
309  HOUSE824_12164   0    (0.000%)	4
310  HOUSE4042_11608  0    (0.000%)	4
311  HOUSE2864_10993  0    (0.000%)	4
312  HOUSE6019_12138  0    (0.000%)	4
313  HOUSE5964_14327  0    (0.000%)	4
314  HOUSE5964_7093   0    (0.000%)	4
315  HOUSE1910_15242  0    (0.000%)	4
316  HOUSE5144_9585   0    (0.000%)	4
317  HOUSE4590_8952   0    (0.000%)	4
318  HOUSE5667_10715  0    (0.000%)	4
319  HOUSE5667_5653   0    (0.000%)	4
320  HOUSE6019_14434  0    (0.000%)	4
321  HOUSE6019_15464  0    (0.000%)	4
322  HOUSE3921_3881   0    (0.000%)	4
323  HOUSE913_9612    0    (0.000%)	4
324  HOUSE4556_4505   0    (0.000%)	4
325  HOUSE5586_8203   0    (0.000%)	4
326  HOUSE6019_15887  0    (0.000%)	4
327  HOUSE2080_17267  0    (0.000%)	4
328  HOUSE3510_3456   0    (0.000%)	4
329  HOUSE1831_1831   0    (0.000%)	4
330  HOUSE4701_14789  0    (0.000%)	4
331  HOUSE3350_15171  0    (0.000%)	4
332  HOUSE1608_14449  0    (0.000%)	4
333  HOUSE294_13492   0    (0.000%)	4
334  HOUSE6019_11486  0    (0.000%)	4
335  HOUSE901_12527   0    (0.000%)	4
336  HOUSE886_14829   0    (0.000%)	4
337  HOUSE1971_17351  0    (0.000%)	4
338  HOUSE3713_3656   0    (0.000%)	4
339  HOUSE901_14183   0    (0.000%)	4
340  HOUSE1459_9241   0    (0.000%)	4
341  HOUSE121_103     0    (0.000%)	4
342  HOUSE202_13988   0    (0.000%)	4
343  HOUSE1048_13393  0    (0.000%)	4
344  HOUSE1082_10397  0    (0.000%)	4
345  HOUSE519_495     0    (0.000%)	4
346  HOUSE4692_4662   0    (0.000%)	4
347  HOUSE4692_4663   0    (0.000%)	4
348  HOUSE5095_10922  0    (0.000%)	4
349  HOUSE220_17098   0    (0.000%)	4
350  HOUSE2458_2479   0    (0.000%)	4
351  HOUSE1110_9203   0    (0.000%)	4
352  HOUSE1681_13131  0    (0.000%)	4
353  HOUSE5810_7449   0    (0.000%)	4
354  HOUSE5810_15222  0    (0.000%)	4
355  HOUSE4125_7154   0    (0.000%)	4
356  HOUSE5508_5498   0    (0.000%)	4
357  HOUSE3111_16536  0    (0.000%)	4
358  HOUSE5523_11591  0    (0.000%)	4
359  HOUSE5523_17175  0    (0.000%)	4
360  HOUSE4216_13748  0    (0.000%)	4
361  HOUSE4216_13740  0    (0.000%)	4
362  HOUSE5772_9961   0    (0.000%)	4
363  HOUSE3343_9858   0    (0.000%)	4
364  HOUSE1677_17449  0    (0.000%)	4
365  HOUSE5654_17176  0    (0.000%)	4
366  HOUSE303_15487   0    (0.000%)	4
367  HOUSE6019_14640  0    (0.000%)	4
368  HOUSE5268_11056  0    (0.000%)	4
369  HOUSE6019_15398  0    (0.000%)	4
370  HOUSE3364_14031  0    (0.000%)	4
371  HOUSE2472_15214  0    (0.000%)	4
372  HOUSE4811_12544  0    (0.000%)	4
373  HOUSE835_10551   0    (0.000%)	4
374  HOUSE6019_13078  0    (0.000%)	4
375  HOUSE4888_7788   0    (0.000%)	4
376  HOUSE4158_10645  0    (0.000%)	4
377  HOUSE1898_13452  0    (0.000%)	4
378  HOUSE5474_8691   0    (0.000%)	4
379  HOUSE5474_7968   0    (0.000%)	4
380  HOUSE4780_8062   0    (0.000%)	4
381  HOUSE4780_9467   0    (0.000%)	4
382  HOUSE3112_3085   0    (0.000%)	4
383  HOUSE3535_3482   0    (0.000%)	4
384  HOUSE824_801     0    (0.000%)	4
385  HOUSE6019_8344   0    (0.000%)	4
386  HOUSE2995_14842  0    (0.000%)	4
387  HOUSE5115_5077   0    (0.000%)	4
388  HOUSE1026_10292  0    (0.000%)	4
389  HOUSE160_14797   0    (0.000%)	4
390  HOUSE5167_15993  0    (0.000%)	4
391  HOUSE5167_17006  0    (0.000%)	4
392  HOUSE3554_14994  0    (0.000%)	4
393  HOUSE565_12042   0    (0.000%)	4
394  HOUSE6019_10919  0    (0.000%)	4
395  HOUSE10_11788    0    (0.000%)	4
396  HOUSE2952_10915  0    (0.000%)	4
397  HOUSE4719_10083  0    (0.000%)	4
398  HOUSE4719_9939   0    (0.000%)	4
399  HOUSE3004_8706   0    (0.000%)	4
400  HOUSE4336_12361  0    (0.000%)	4
401  HOUSE3529_13977  0    (0.000%)	4
402  HOUSE1484_16783  0    (0.000%)	4
403  HOUSE1845_10613  0    (0.000%)	4
404  HOUSE5856_12303  0    (0.000%)	4
405  HOUSE4451_9619   0    (0.000%)	4
406  HOUSE607_15408   0    (0.000%)	4
407  HOUSE5248_5222   0    (0.000%)	4
408  HOUSE5248_13497  0    (0.000%)	4
409  HOUSE2746_13548  0    (0.000%)	4
410  HOUSE6019_17161  0    (0.000%)	4
411  HOUSE1007_17069  0    (0.000%)	4
412  HOUSE1103_13863  0    (0.000%)	4
413  HOUSE2182_15670  0    (0.000%)	4
414  HOUSE1800_1805   0    (0.000%)	4
415  HOUSE2664_2675   0    (0.000%)	4
416  HOUSE1640_14627  0    (0.000%)	4
417  HOUSE950_11039   0    (0.000%)	4
418  HOUSE969_14903   0    (0.000%)	4
419  HOUSE190_16497   0    (0.000%)	4
420  HOUSE6019_14513  0    (0.000%)	4
421  HOUSE1316_1294   0    (0.000%)	4
422  HOUSE610_15484   0    (0.000%)	4
423  HOUSE3291_8437   0    (0.000%)	4
424  HOUSE3291_9850   0    (0.000%)	4
425  HOUSE4192_14407  0    (0.000%)	4
426  HOUSE580_13676   0    (0.000%)	4
427  HOUSE649_11161   0    (0.000%)	4
428  HOUSE649_9235    0    (0.000%)	4
429  HOUSE5419_5398   0    (0.000%)	4
430  HOUSE231_211     0    (0.000%)	4
431  HOUSE621_17399   0    (0.000%)	4
432  HOUSE3481_3433   0    (0.000%)	4
433  HOUSE4021_3980   0    (0.000%)	4
434  HOUSE5693_13298  0    (0.000%)	4
435  HOUSE5693_18277  0    (0.000%)	4
436  HOUSE2597_7877   0    (0.000%)	4
437  HOUSE6001_14457  0    (0.000%)	4
438  HOUSE986_10311   0    (0.000%)	4
439  HOUSE93_80       0    (0.000%)	4
440  HOUSE207_188     0    (0.000%)	4
441  HOUSE5902_15647  0    (0.000%)	4
442  HOUSE2499_6972   0    (0.000%)	4
443  HOUSE4858_4827   0    (0.000%)	4
444  HOUSE5959_12090  0    (0.000%)	4
445  HOUSE2635_15017  0    (0.000%)	4
446  HOUSE1157_12730  0    (0.000%)	4
447  HOUSE3738_8707   0    (0.000%)	4
448  HOUSE5017_7400   0    (0.000%)	4
449  HOUSE6019_12766  0    (0.000%)	4
450  HOUSE6019_17315  0    (0.000%)	4
451  HOUSE1730_12058  0    (0.000%)	4
452  HOUSE3685_3624   0    (0.000%)	4
453  HOUSE3685_15699  0    (0.000%)	4
454  HOUSE367_11932   0    (0.000%)	4
455  HOUSE367_12448   0    (0.000%)	4
456  HOUSE407_393     0    (0.000%)	4
457  HOUSE3728_9403   0    (0.000%)	4
458  HOUSE300_10889   0    (0.000%)	4
459  HOUSE2227_13446  0    (0.000%)	4
460  HOUSE938_12030   0    (0.000%)	4
461  HOUSE5484_15871  0    (0.000%)	4
462  HOUSE4238_14147  0    (0.000%)	4
463  HOUSE1094_15142  0    (0.000%)	4
464  HOUSE2983_12297  0    (0.000%)	4
465  HOUSE2426_14915  0    (0.000%)	4
466  HOUSE2326_2344   0    (0.000%)	4
467  HOUSE2254_2275   0    (0.000%)	4
468  HOUSE1308_9500   0    (0.000%)	4
469  HOUSE221_9519    0    (0.000%)	4
470  HOUSE1236_1221   0    (0.000%)	4
471  HOUSE265_12046   0    (0.000%)	4
472  HOUSE353_14997   0    (0.000%)	4
473  HOUSE353_16018   0    (0.000%)	4
474  HOUSE4460_6877   0    (0.000%)	4
475  HOUSE5346_10179  0    (0.000%)	4
476  HOUSE5346_10375  0    (0.000%)	4
477  HOUSE5554_17025  0    (0.000%)	4
478  HOUSE4796_6461   0    (0.000%)	4
479  HOUSE2912_9628   0    (0.000%)	4
480  HOUSE960_11479   0    (0.000%)	4
481  HOUSE4366_12257  0    (0.000%)	4
482  HOUSE2049_12805  0    (0.000%)	4
483  HOUSE1908_1901   0    (0.000%)	4
484  HOUSE848_13147   0    (0.000%)	4
485  HOUSE2870_8123   0    (0.000%)	4
486  HOUSE2870_8425   0    (0.000%)	4
487  HOUSE3408_11974  0    (0.000%)	4
488  HOUSE5237_10309  0    (0.000%)	4
489  HOUSE5237_9767   0    (0.000%)	4
490  HOUSE6019_13333  0    (0.000%)	4
491  HOUSE2973_13370  0    (0.000%)	4
492  HOUSE1607_10926  0    (0.000%)	4
493  HOUSE730_12255   0    (0.000%)	4
494  HOUSE2830_12607  0    (0.000%)	4
495  HOUSE5163_13001  0    (0.000%)	4
496  HOUSE5310_13297  0    (0.000%)	4
497  HOUSE2948_8991   0    (0.000%)	4
498  HOUSE2606_8003   0    (0.000%)	4
499  HOUSE2269_11630  0    (0.000%)	4
500  HOUSE1204_12388  0    (0.000%)	4
501  HOUSE6019_6137   0    (0.000%)	4
502  HOUSE3307_12683  0    (0.000%)	4
503  HOUSE1779_16509  0    (0.000%)	4
504  HOUSE2243_12013  0    (0.000%)	4
505  HOUSE3424_9656   0    (0.000%)	4
506  HOUSE5158_7618   0    (0.000%)	4
507  HOUSE66_9979     0    (0.000%)	4
508  HOUSE5643_6450   0    (0.000%)	4
509  HOUSE2859_13773  0    (0.000%)	4
510  HOUSE2351_13093  0    (0.000%)	4
511  HOUSE1859_13503  0    (0.000%)	4
512  HOUSE4247_12998  0    (0.000%)	4
513  HOUSE2583_13564  0    (0.000%)	4
514  HOUSE2030_9532   0    (0.000%)	4
515  HOUSE1016_13507  0    (0.000%)	4
516  HOUSE1016_14531  0    (0.000%)	4
517  HOUSE3482_10131  0    (0.000%)	4
518  HOUSE1242_10194  0    (0.000%)	4
519  HOUSE2278_2291   0    (0.000%)	4
520  HOUSE3668_8720   0    (0.000%)	4
521  HOUSE800_12772   0    (0.000%)	4
522  HOUSE4868_4843   0    (0.000%)	4
523  HOUSE2124_12694  0    (0.000%)	4
524  HOUSE2418_15679  0    (0.000%)	4
525  HOUSE2418_13201  0    (0.000%)	4
526  HOUSE6019_12235  0    (0.000%)	4
527  HOUSE1647_14527  0    (0.000%)	4
528  HOUSE1436_16980  0    (0.000%)	4
529  HOUSE5836_7971   0    (0.000%)	4
530  HOUSE4034_8195   0    (0.000%)	4
531  HOUSE188_11364   0    (0.000%)	4
532  HOUSE2834_9178   0    (0.000%)	4
533  HOUSE4776_12314  0    (0.000%)	4
534  HOUSE2_15256     0    (0.000%)	4
535  HOUSE3542_3493   0    (0.000%)	4
536  HOUSE3542_3492   0    (0.000%)	4
537  HOUSE5410_5385   0    (0.000%)	4
538  HOUSE2078_11940  0    (0.000%)	4
539  HOUSE722_12194   0    (0.000%)	4
540  HOUSE4613_16526  0    (0.000%)	4
541  HOUSE2881_16059  0    (0.000%)	4
542  HOUSE3213_8194   0    (0.000%)	4
543  HOUSE3620_3566   0    (0.000%)	4
544  HOUSE206_12657   0    (0.000%)	4
545  HOUSE206_12622   0    (0.000%)	4
546  HOUSE1726_13261  0    (0.000%)	4
547  HOUSE356_344     0    (0.000%)	4
548  HOUSE2680_9527   0    (0.000%)	4
549  HOUSE1881_1869   0    (0.000%)	4
550  HOUSE158_16174   0    (0.000%)	4
551  HOUSE1377_11989  0    (0.000%)	4
552  HOUSE2174_14077  0    (0.000%)	4
553  HOUSE6019_17503  0    (0.000%)	4
554  HOUSE1188_12284  0    (0.000%)	4
555  HOUSE1188_12102  0    (0.000%)	4
556  HOUSE5309_5291   0    (0.000%)	4
557  HOUSE297_15728   0    (0.000%)	4
558  HOUSE999_14359   0    (0.000%)	4
559  HOUSE4402_13381  0    (0.000%)	4
560  HOUSE885_17036   0    (0.000%)	4
561  HOUSE637_17996   0    (0.000%)	4
562  HOUSE1392_13661  0    (0.000%)	4
563  HOUSE4872_14876  0    (0.000%)	4
564  HOUSE1813_6442   0    (0.000%)	4
565  HOUSE5580_15200  0    (0.000%)	4
566  HOUSE6019_11480  0    (0.000%)	4
567  HOUSE2466_8358   0    (0.000%)	4
568  HOUSE6019_13685  0    (0.000%)	4
569  HOUSE2779_14288  0    (0.000%)	4
570  HOUSE532_8773    0    (0.000%)	4
571  HOUSE2026_2024   0    (0.000%)	4
572  HOUSE3425_8454   0    (0.000%)	4
573  HOUSE6019_13264  0    (0.000%)	4
574  HOUSE4109_12893  0    (0.000%)	4
575  HOUSE4109_13345  0    (0.000%)	4
576  HOUSE5559_8154   0    (0.000%)	4
577  HOUSE2426_7204   0    (0.000%)	4
578  HOUSE2664_17154  0    (0.000%)	4
579  HOUSE509_14756   0    (0.000%)	4
580  HOUSE4867_8921   0    (0.000%)	4
581  HOUSE2636_9089   0    (0.000%)	4
582  HOUSE1002_12817  0    (0.000%)	4
583  HOUSE6019_14904  0    (0.000%)	4
584  HOUSE1539_10831  0    (0.000%)	4
585  HOUSE863_14851   0    (0.000%)	4
586  HOUSE698_15021   0    (0.000%)	4
587  HOUSE3402_11240  0    (0.000%)	4
588  HOUSE2092_13318  0    (0.000%)	4
589  HOUSE3541_11463  0    (0.000%)	4
590  HOUSE5543_16739  0    (0.000%)	4
591  HOUSE444_11584   0    (0.000%)	4
592  HOUSE1790_13929  0    (0.000%)	4
593  HOUSE391_14821   0    (0.000%)	4
594  HOUSE2673_12066  0    (0.000%)	4
595  HOUSE369_16443   0    (0.000%)	4
596  HOUSE3154_12248  0    (0.000%)	4
597  HOUSE2109_14166  0    (0.000%)	4
598  HOUSE180_160     0    (0.000%)	4
599  HOUSE5010_14284  0    (0.000%)	4
600  HOUSE2753_17893  0    (0.000%)	4
601  HOUSE1682_8354   0    (0.000%)	4
602  HOUSE249_14741   0    (0.000%)	4
603  HOUSE2739_16501  0    (0.000%)	4
604  HOUSE3313_7814   0    (0.000%)	4
605  HOUSE6019_14223  0    (0.000%)	4
606  HOUSE970_12155   0    (0.000%)	4
607  HOUSE898_15286   0    (0.000%)	4
608  HOUSE707_14371   0    (0.000%)	4
609  HOUSE4592_11237  0    (0.000%)	4
610  HOUSE1877_14615  0    (0.000%)	4
611  HOUSE2241_17022  0    (0.000%)	4
612  HOUSE2978_8450   0    (0.000%)	4
613  HOUSE648_10304   0    (0.000%)	4
614  HOUSE637_12107   0    (0.000%)	4
615  HOUSE1844_1841   0    (0.000%)	4
616  HOUSE2168_11988  0    (0.000%)	4
617  HOUSE2011_14403  0    (0.000%)	4
618  HOUSE768_13319   0    (0.000%)	4
619  HOUSE768_14545   0    (0.000%)	4
620  HOUSE694_12920   0    (0.000%)	4
621  HOUSE2057_12440  0    (0.000%)	4
622  HOUSE1688_16000  0    (0.000%)	4
623  HOUSE5887_14292  0    (0.000%)	4
624  HOUSE2811_15838  0    (0.000%)	4
625  HOUSE1476_14744  0    (0.000%)	4
626  HOUSE3357_13087  0    (0.000%)	4
627  HOUSE1187_10485  0    (0.000%)	4
628  HOUSE4392_11367  0    (0.000%)	4
629  HOUSE77_12843    0    (0.000%)	4
630  HOUSE4392_10420  0    (0.000%)	4
631  HOUSE485_15063   0    (0.000%)	4
632  HOUSE5432_13582  0    (0.000%)	4
633  HOUSE364_15813   0    (0.000%)	4
634  HOUSE2867_12886  0    (0.000%)	4
635  HOUSE1388_1371   0    (0.000%)	4
636  HOUSE2331_11517  0    (0.000%)	4
637  HOUSE163_9282    0    (0.000%)	4
638  HOUSE1556_1537   0    (0.000%)	4
639  HOUSE2856_12118  0    (0.000%)	4
640  HOUSE2381_11291  0    (0.000%)	4
641  HOUSE406_391     0    (0.000%)	4
642  HOUSE5031_10657  0    (0.000%)	4
643  HOUSE705_13920   0    (0.000%)	4
644  HOUSE8_14204     0    (0.000%)	4
645  HOUSE4597_16176  0    (0.000%)	4
646  HOUSE2610_12957  0    (0.000%)	4
647  HOUSE2716_16859  0    (0.000%)	4
648  HOUSE4364_12914  0    (0.000%)	4
649  HOUSE3583_7716   0    (0.000%)	4
650  HOUSE4840_9633   0    (0.000%)	4
651  HOUSE3740_10265  0    (0.000%)	4
652  HOUSE5680_9694   0    (0.000%)	4
653  HOUSE524_16549   0    (0.000%)	4
654  HOUSE351_338     0    (0.000%)	4
655  HOUSE4687_14753  0    (0.000%)	4
656  HOUSE1473_1455   0    (0.000%)	4
657  HOUSE4733_12254  0    (0.000%)	4
658  HOUSE581_10883   0    (0.000%)	4
659  HOUSE716_11315   0    (0.000%)	4
660  HOUSE1488_9509   0    (0.000%)	4
661  HOUSE4554_7757   0    (0.000%)	4
662  HOUSE6019_12198  0    (0.000%)	4
663  HOUSE2590_14447  0    (0.000%)	4
664  HOUSE247_10475   0    (0.000%)	4
665  HOUSE2208_12891  0    (0.000%)	4
666  HOUSE281_15743   0    (0.000%)	4
667  HOUSE3224_3174   0    (0.000%)	4
668  HOUSE3224_3175   0    (0.000%)	4
669  HOUSE3616_13391  0    (0.000%)	4
670  HOUSE3128_3096   0    (0.000%)	4
671  HOUSE380_11709   0    (0.000%)	4
672  HOUSE2563_14110  0    (0.000%)	4
673  HOUSE2537_10045  0    (0.000%)	4
674  HOUSE5430_12193  0    (0.000%)	4
675  HOUSE4444_7668   0    (0.000%)	4
676  HOUSE5437_5421   0    (0.000%)	4
677  HOUSE3089_14408  0    (0.000%)	4
678  HOUSE3243_3200   0    (0.000%)	4
679  HOUSE1266_10115  0    (0.000%)	4
680  HOUSE1561_1541   0    (0.000%)	4
681  HOUSE1641_11481  0    (0.000%)	4
682  HOUSE3955_14310  0    (0.000%)	4
683  HOUSE5175_9775   0    (0.000%)	4
684  HOUSE3754_8996   0    (0.000%)	4
685  HOUSE3714_3658   0    (0.000%)	4
686  HOUSE2582_7559   0    (0.000%)	4
687  HOUSE5413_6889   0    (0.000%)	4
688  HOUSE5149_11160  0    (0.000%)	4
689  HOUSE663_13756   0    (0.000%)	4
690  HOUSE2473_11902  0    (0.000%)	4
691  HOUSE2047_13350  0    (0.000%)	4
692  HOUSE6019_16217  0    (0.000%)	4
693  HOUSE4355_10594  0    (0.000%)	4
694  HOUSE635_15427   0    (0.000%)	4
695  HOUSE2961_9228   0    (0.000%)	4
696  HOUSE4076_11816  0    (0.000%)	4
697  HOUSE2673_12323  0    (0.000%)	4
698  HOUSE866_9124    0    (0.000%)	4
699  HOUSE3429_3381   0    (0.000%)	4
700  HOUSE604_9157    0    (0.000%)	4
701  HOUSE2284_12431  0    (0.000%)	4
702  HOUSE2715_11897  0    (0.000%)	4
703  HOUSE2715_11923  0    (0.000%)	4
704  HOUSE2029_10621  0    (0.000%)	4
705  HOUSE4483_10426  0    (0.000%)	4
706  HOUSE5669_5656   0    (0.000%)	4
707  HOUSE5948_11243  0    (0.000%)	4
708  HOUSE6019_13034  0    (0.000%)	4
709  HOUSE1612_15137  0    (0.000%)	4
710  HOUSE2201_14491  0    (0.000%)	4
711  HOUSE3124_13058  0    (0.000%)	4
712  HOUSE43_33       0    (0.000%)	4
713  HOUSE6019_17172  0    (0.000%)	4
714  HOUSE1448_13810  0    (0.000%)	4
715  HOUSE5082_16792  0    (0.000%)	4
716  HOUSE4686_14439  0    (0.000%)	4
717  HOUSE2568_12621  0    (0.000%)	4
718  HOUSE3527_3472   0    (0.000%)	4
719  HOUSE699_14881   0    (0.000%)	4
720  HOUSE5208_10824  0    (0.000%)	4
721  HOUSE2894_12935  0    (0.000%)	4
722  HOUSE1965_7622   0    (0.000%)	4
723  HOUSE1148_10280  0    (0.000%)	4
724  HOUSE4438_6639   0    (0.000%)	4
725  HOUSE1460_13063  0    (0.000%)	4
726  HOUSE1398_13547  0    (0.000%)	4
727  HOUSE1862_16880  0    (0.000%)	4
728  HOUSE5681_5670   0    (0.000%)	4
729  HOUSE5075_5043   0    (0.000%)	4
730  HOUSE400_13533   0    (0.000%)	4
731  HOUSE3025_14287  0    (0.000%)	4
732  HOUSE1111_1084   0    (0.000%)	4
733  HOUSE3384_11838  0    (0.000%)	4
734  HOUSE2467_12699  0    (0.000%)	4
735  HOUSE4421_14207  0    (0.000%)	4
736  HOUSE2931_11532  0    (0.000%)	4
737  HOUSE5845_5825   0    (0.000%)	4
738  HOUSE5845_5824   0    (0.000%)	4
739  HOUSE2206_12710  0    (0.000%)	4
740  HOUSE4624_4587   0    (0.000%)	4
741  HOUSE2180_6998   0    (0.000%)	4
742  HOUSE30_12647    0    (0.000%)	4
743  HOUSE30_13475    0    (0.000%)	4
744  HOUSE3575_12236  0    (0.000%)	4
745  HOUSE3575_13752  0    (0.000%)	4
746  HOUSE3495_3443   0    (0.000%)	4
747  HOUSE5862_6895   0    (0.000%)	4
748  HOUSE567_14279   0    (0.000%)	4
749  HOUSE4909_4882   0    (0.000%)	4
750  HOUSE1529_9670   0    (0.000%)	4
751  HOUSE672_11925   0    (0.000%)	4
752  HOUSE26_15700    0    (0.000%)	4
753  HOUSE1373_14101  0    (0.000%)	4
754  HOUSE3303_10882  0    (0.000%)	4
755  HOUSE2615_13508  0    (0.000%)	4
756  HOUSE6019_11784  0    (0.000%)	4
757  HOUSE2286_6358   0    (0.000%)	4
758  HOUSE3264_8591   0    (0.000%)	4
759  HOUSE2908_11327  0    (0.000%)	4
760  HOUSE1291_1265   0    (0.000%)	4
761  HOUSE5398_10548  0    (0.000%)	4
762  HOUSE5398_5379   0    (0.000%)	4
763  HOUSE105_15686   0    (0.000%)	4
764  HOUSE6019_12021  0    (0.000%)	4
765  HOUSE1772_10497  0    (0.000%)	4
766  HOUSE2619_9786   0    (0.000%)	4
767  HOUSE1058_12174  0    (0.000%)	4
768  HOUSE4173_7515   0    (0.000%)	4
769  HOUSE3790_10893  0    (0.000%)	4
770  HOUSE1779_11015  0    (0.000%)	4
771  HOUSE1378_15018  0    (0.000%)	4
772  HOUSE1378_14436  0    (0.000%)	4
773  HOUSE3742_3690   0    (0.000%)	4
774  HOUSE3742_3691   0    (0.000%)	4
775  HOUSE3994_13912  0    (0.000%)	4
776  HOUSE4700_4666   0    (0.000%)	4
777  HOUSE125_14224   0    (0.000%)	4
778  HOUSE208_9733    0    (0.000%)	4
779  HOUSE2970_15173  0    (0.000%)	4
780  HOUSE1047_11397  0    (0.000%)	4
781  HOUSE1047_1021   0    (0.000%)	4
782  HOUSE2119_6308   0    (0.000%)	4
783  HOUSE191_12283   0    (0.000%)	4
784  HOUSE127_14509   0    (0.000%)	4
785  HOUSE3302_13307  0    (0.000%)	4
786  HOUSE3302_3261   0    (0.000%)	4
787  HOUSE1414_12912  0    (0.000%)	4
788  HOUSE457_12356   0    (0.000%)	4
789  HOUSE2377_11975  0    (0.000%)	4
790  HOUSE1785_14992  0    (0.000%)	4
791  HOUSE4310_4264   0    (0.000%)	4
792  HOUSE1176_13406  0    (0.000%)	4
793  HOUSE4750_8480   0    (0.000%)	4
794  HOUSE3424_9471   0    (0.000%)	4
795  HOUSE2365_15766  0    (0.000%)	4
796  HOUSE2365_10320  0    (0.000%)	4
797  HOUSE5893_5872   0    (0.000%)	4
798  HOUSE3901_3862   0    (0.000%)	4
799  HOUSE4255_11739  0    (0.000%)	4
800  HOUSE4255_11649  0    (0.000%)	4
801  HOUSE3120_14305  0    (0.000%)	4
802  HOUSE559_13119   0    (0.000%)	4
803  HOUSE2692_13717  0    (0.000%)	4
804  HOUSE344_17263   0    (0.000%)	4
805  HOUSE1961_9354   0    (0.000%)	4
806  HOUSE2731_14200  0    (0.000%)	4
807  HOUSE5795_15265  0    (0.000%)	4
808  HOUSE915_9813    0    (0.000%)	4
809  HOUSE3158_3124   0    (0.000%)	4
810  HOUSE150_14614   0    (0.000%)	4
811  HOUSE2315_11685  0    (0.000%)	4
812  HOUSE2519_14909  0    (0.000%)	4
813  HOUSE1469_13048  0    (0.000%)	4
814  HOUSE1182_11851  0    (0.000%)	4
815  HOUSE152_136     0    (0.000%)	4
816  HOUSE2171_14906  0    (0.000%)	4
817  HOUSE1036_14344  0    (0.000%)	4
818  HOUSE5386_11677  0    (0.000%)	4
819  HOUSE5524_10595  0    (0.000%)	4
820  HOUSE2164_11957  0    (0.000%)	4
821  HOUSE5738_5719   0    (0.000%)	4
822  HOUSE2742_12707  0    (0.000%)	4
823  HOUSE6019_15544  0    (0.000%)	4
824  HOUSE4029_3990   0    (0.000%)	4
825  HOUSE864_14767   0    (0.000%)	4
826  HOUSE2595_11578  0    (0.000%)	4
827  HOUSE3448_13843  0    (0.000%)	4
828  HOUSE1491_12849  0    (0.000%)	4
829  HOUSE2804_9967   0    (0.000%)	4
830  HOUSE293_12122   0    (0.000%)	4
831  HOUSE2627_2637   0    (0.000%)	4
832  HOUSE346_11220   0    (0.000%)	4
833  HOUSE1559_10789  0    (0.000%)	4
834  HOUSE2593_8800   0    (0.000%)	4
835  HOUSE5083_11076  0    (0.000%)	4
836  HOUSE4494_11585  0    (0.000%)	4
837  HOUSE896_884     0    (0.000%)	4
838  HOUSE4091_13421  0    (0.000%)	4
839  HOUSE2439_14581  0    (0.000%)	4
840  HOUSE1767_16747  0    (0.000%)	4
841  HOUSE4598_12490  0    (0.000%)	4
842  HOUSE3681_3623   0    (0.000%)	4
843  HOUSE2251_8913   0    (0.000%)	4
844  HOUSE2061_11339  0    (0.000%)	4
845  HOUSE48_14052    0    (0.000%)	4
846  HOUSE5318_5298   0    (0.000%)	4
847  HOUSE954_12705   0    (0.000%)	4
848  HOUSE6019_15623  0    (0.000%)	4
849  HOUSE387_9115    0    (0.000%)	4
850  HOUSE2783_6585   0    (0.000%)	4
851  HOUSE22_13028    0    (0.000%)	4
852  HOUSE926_11807   0    (0.000%)	4
853  HOUSE3619_3564   0    (0.000%)	4
854  HOUSE3123_9671   0    (0.000%)	4
855  HOUSE3109_3081   0    (0.000%)	4
856  HOUSE2558_13489  0    (0.000%)	4
857  HOUSE2475_10691  0    (0.000%)	4
858  HOUSE3942_15281  0    (0.000%)	4
859  HOUSE3775_14035  0    (0.000%)	4
860  HOUSE691_13853   0    (0.000%)	4
861  HOUSE6019_11301  0    (0.000%)	4
862  HOUSE815_15631   0    (0.000%)	4
863  HOUSE1319_1298   0    (0.000%)	4
864  HOUSE5130_8912   0    (0.000%)	4
865  HOUSE6019_15096  0    (0.000%)	4
866  HOUSE5377_14476  0    (0.000%)	4
867  HOUSE942_10065   0    (0.000%)	4
868  HOUSE939_8802    0    (0.000%)	4
869  HOUSE243_225     0    (0.000%)	4
870  HOUSE2759_12907  0    (0.000%)	4
871  HOUSE3824_3778   0    (0.000%)	4
872  HOUSE2357_2368   0    (0.000%)	4
873  HOUSE2357_2369   0    (0.000%)	4
874  HOUSE430_8359    0    (0.000%)	4
875  HOUSE2354_9972   0    (0.000%)	4
876  HOUSE202_9337    0    (0.000%)	4
877  HOUSE3089_15308  0    (0.000%)	4
878  HOUSE5136_6686   0    (0.000%)	4
879  HOUSE5554_7521   0    (0.000%)	4
880  HOUSE5554_7601   0    (0.000%)	4
881  HOUSE1712_10084  0    (0.000%)	4
882  HOUSE1293_11888  0    (0.000%)	4
883  HOUSE4744_7074   0    (0.000%)	4
884  HOUSE2591_12553  0    (0.000%)	4
885  HOUSE4293_6848   0    (0.000%)	4
886  HOUSE1912_12428  0    (0.000%)	4
887  HOUSE1436_10109  0    (0.000%)	4
888  HOUSE4233_4185   0    (0.000%)	4
889  HOUSE5595_5588   0    (0.000%)	4
890  HOUSE6019_15957  0    (0.000%)	4
891  HOUSE668_10232   0    (0.000%)	4
892  HOUSE86_73       0    (0.000%)	4
893  HOUSE2767_14738  0    (0.000%)	4
894  HOUSE4398_12410  0    (0.000%)	4
895  HOUSE3840_8805   0    (0.000%)	4
896  HOUSE1793_11714  0    (0.000%)	4
897  HOUSE1551_1535   0    (0.000%)	4
898  HOUSE2831_12057  0    (0.000%)	4
899  HOUSE1656_15053  0    (0.000%)	4
900  HOUSE3649_13543  0    (0.000%)	4
901  HOUSE5863_5840   0    (0.000%)	4
902  HOUSE5863_6220   0    (0.000%)	4
903  HOUSE5462_14167  0    (0.000%)	4
904  HOUSE226_208     0    (0.000%)	4
905  HOUSE1244_15139  0    (0.000%)	4
906  HOUSE2013_2007   0    (0.000%)	4
907  HOUSE936_12818   0    (0.000%)	4
908  HOUSE3694_3634   0    (0.000%)	4
909  HOUSE725_10005   0    (0.000%)	4
910  HOUSE725_11098   0    (0.000%)	4
911  HOUSE6019_14622  0    (0.000%)	4
912  HOUSE2038_9602   0    (0.000%)	4
913  HOUSE14_15759    0    (0.000%)	4
914  HOUSE4065_10241  0    (0.000%)	4
915  HOUSE3530_11850  0    (0.000%)	4
916  HOUSE1441_1429   0    (0.000%)	4
917  HOUSE6_14605     0    (0.000%)	4
918  HOUSE1206_9528   0    (0.000%)	4
919  HOUSE3212_13890  0    (0.000%)	4
920  HOUSE6019_11025  0    (0.000%)	4
921  HOUSE2794_15353  0    (0.000%)	4
922  HOUSE1545_8884   0    (0.000%)	4
923  HOUSE1528_9191   0    (0.000%)	4
924  HOUSE946_11446   0    (0.000%)	4
925  HOUSE1699_13906  0    (0.000%)	4
926  HOUSE5552_8570   0    (0.000%)	4
927  HOUSE3651_3595   0    (0.000%)	4
928  HOUSE436_423     0    (0.000%)	4
929  HOUSE1993_1981   0    (0.000%)	4
930  HOUSE2317_10437  0    (0.000%)	4
931  HOUSE6019_14747  0    (0.000%)	4
932  HOUSE2689_2705   0    (0.000%)	4
933  HOUSE4048_9924   0    (0.000%)	4
934  HOUSE5440_5424   0    (0.000%)	4
935  HOUSE213_8853    0    (0.000%)	4
936  HOUSE4957_11691  0    (0.000%)	4
937  HOUSE4425_11265  0    (0.000%)	4
938  HOUSE930_9401    0    (0.000%)	4
939  HOUSE3476_7434   0    (0.000%)	4
940  HOUSE269_13719   0    (0.000%)	4
941  HOUSE5013_4985   0    (0.000%)	4
942  HOUSE1066_9744   0    (0.000%)	4
943  HOUSE2068_11221  0    (0.000%)	4
944  HOUSE2911_10966  0    (0.000%)	4
945  HOUSE2307_2320   0    (0.000%)	4
946  HOUSE253_14111   0    (0.000%)	4
947  HOUSE2703_14607  0    (0.000%)	4
948  HOUSE6019_16564  0    (0.000%)	4
949  HOUSE3185_15459  0    (0.000%)	4
950  HOUSE5352_14078  0    (0.000%)	4
951  HOUSE5882_5860   0    (0.000%)	4
952  HOUSE1100_6704   0    (0.000%)	4
953  HOUSE1732_7485   0    (0.000%)	4
954  HOUSE6019_12835  0    (0.000%)	4
955  HOUSE1313_14267  0    (0.000%)	4
956  HOUSE4179_6629   0    (0.000%)	4
957  HOUSE5161_15445  0    (0.000%)	4
958  HOUSE2553_13372  0    (0.000%)	4
959  HOUSE5013_15964  0    (0.000%)	4
960  HOUSE5815_9129   0    (0.000%)	4
961  HOUSE1956_11018  0    (0.000%)	4
962  HOUSE1181_13124  0    (0.000%)	4
963  HOUSE2174_12981  0    (0.000%)	4
964  HOUSE1894_10163  0    (0.000%)	4
965  HOUSE59_12558    0    (0.000%)	4
966  HOUSE4365_4331   0    (0.000%)	4
967  HOUSE3481_12096  0    (0.000%)	4
968  HOUSE663_12794   0    (0.000%)	4
969  HOUSE1149_1113   0    (0.000%)	4
970  HOUSE1149_16820  0    (0.000%)	4
971  HOUSE1412_10139  0    (0.000%)	4
972  HOUSE235_14512   0    (0.000%)	4
973  HOUSE6019_17065  0    (0.000%)	4
974  HOUSE1046_18085  0    (0.000%)	4
975  HOUSE6019_15434  0    (0.000%)	4
976  HOUSE5923_5908   0    (0.000%)	4
977  HOUSE4288_4246   0    (0.000%)	4
978  HOUSE5749_5734   0    (0.000%)	4
979  HOUSE5749_5735   0    (0.000%)	4
980  HOUSE2155_2171   0    (0.000%)	4
981  HOUSE3495_3442   0    (0.000%)	4
982  HOUSE3495_17301  0    (0.000%)	4
983  HOUSE810_12704   0    (0.000%)	4
984  HOUSE2838_10811  0    (0.000%)	4
**** TOTAL            0 (0.000%)

Reading partition gag (model=GTR+R, aln=, seq=DNA, pos=1-1479) ...
984 sequences and 1479 sites extracted

Reading partition pol (model=GTR+R, aln=, seq=DNA, pos=1480-4479) ...
984 sequences and 3000 sites extracted

Reading partition env (model=GTR+R, aln=, seq=DNA, pos=4480-6987) ...
984 sequences and 2508 sites extracted
Degree of missing data: 0.000


Create initial parsimony tree by phylogenetic likelihood library (PLL)... 7.534 seconds

NOTE: 1964.343 MB RAM is required!
Estimate model parameters (epsilon = 0.100)
Initial log-likelihood: -943327.563
Current log-likelihood at step 1: -916366.115
Current log-likelihood at step 2: -916365.294
Current log-likelihood at step 3: -916365.156
Current log-likelihood at step 4: -916365.051
Current log-likelihood at step 5: -916326.090
Current log-likelihood at step 6: -916325.872
Current log-likelihood at step 7: -916325.777
OPTIMIZE MODEL has finished
PART RATE 0 = 1.001
PART RATE 1 = 0.967
PART RATE 2 = 1.039
Parameters optimization took 6 rounds (433.873 sec)

438.393 seconds (logl: -916325.777)
Generating 99 parsimony trees... 